<?xml version="1.0" encoding="UTF-8"?>
<!-- Generated by org.testng.reporters.JUnitReportReporter -->
<testsuite hostname="L02205Q2H2" name="com.employeeapi.test.TC003_Post_Emp_Record" tests="2" failures="0" timestamp="27 Apr 2020 22:57:18 GMT" time="0.004" errors="0">
  <testcase name="checkStatusCode" time="0.002" classname="com.employeeapi.test.TC003_Post_Emp_Record"/>
  <testcase name="checkResponseBody" time="0.002" classname="com.employeeapi.test.TC003_Post_Emp_Record"/>
</testsuite> <!-- com.employeeapi.test.TC003_Post_Emp_Record -->
