<?xml version="1.0" encoding="UTF-8"?>
<!-- Generated by org.testng.reporters.JUnitReportReporter -->
<testsuite hostname="L02205Q2H2" name="com.employeeapi.test.TC001_GetRequest" tests="4" failures="0" timestamp="27 Apr 2020 22:57:18 GMT" time="0.032" errors="0">
  <testcase name="checkContentLength" time="0.002" classname="com.employeeapi.test.TC001_GetRequest"/>
  <testcase name="checkResponseBody" time="0.026" classname="com.employeeapi.test.TC001_GetRequest"/>
  <testcase name="checkResponseTime" time="0.003" classname="com.employeeapi.test.TC001_GetRequest"/>
  <testcase name="checkStatusLine" time="0.001" classname="com.employeeapi.test.TC001_GetRequest"/>
</testsuite> <!-- com.employeeapi.test.TC001_GetRequest -->
